<?xml version="1.0" encoding="UTF-8"?>
<!-- Generated by org.testng.reporters.JUnitReportReporter -->
<testsuite hostname="SHARAN47" failures="0" tests="4" name="tasks.CreateN23" time="11.004" errors="0" timestamp="21 May 2022 13:13:38 GMT" skipped="0">
  <testcase classname="tasks.CreateN23" name="hi2" time="1.862"/>
  <testcase classname="tasks.CreateN23" name="hi" time="0.765"/>
  <testcase classname="tasks.CreateN23" name="hi2" time="7.262"/>
  <testcase classname="tasks.CreateN23" name="hi" time="1.115"/>
</testsuite> <!-- tasks.CreateN23 -->
