<?xml version="1.0" encoding="UTF-8"?>
<!-- Generated by org.testng.reporters.JUnitReportReporter -->
<testsuite hostname="SHARAN47" failures="0" tests="1" name="tasks.CreateNewTaskTest" time="1.947" errors="0" timestamp="24 May 2022 10:48:47 GMT" skipped="0">
  <testcase classname="tasks.CreateNewTaskTest" name="createSimpleContact" time="1.947"/>
</testsuite> <!-- tasks.CreateNewTaskTest -->
