<?xml version="1.0" encoding="UTF-8"?>
<!-- Generated by org.testng.reporters.JUnitReportReporter -->
<testsuite hostname="SHARAN47" failures="0" tests="2" name="sample.Sample" time="3.156" errors="0" timestamp="21 May 2022 05:05:05 GMT" skipped="0">
  <testcase classname="sample.Sample" name="bye" time="2.277"/>
  <testcase classname="sample.Sample" name="hi" time="0.879"/>
</testsuite> <!-- sample.Sample -->
